{
  message: 'DB Connected',
  level: 'info',
  service: 'user-service',
  label: 'Hello Sayan',
  timestamp: '2023-06-07T08:56:37.810Z'
}
{
  message: 'Server is running at http://localhost:5000',
  level: 'info',
  service: 'user-service',
  label: 'Hello Sayan',
  timestamp: '2023-06-07T08:56:37.838Z'
}
{
  message: 'DB Connected',
  level: 'info',
  service: 'user-service',
  label: 'Hello Sayan',
  timestamp: '2023-06-07T08:58:32.180Z'
}
{
  message: 'Server is running at http://localhost:5000',
  level: 'info',
  service: 'user-service',
  label: 'Hello Sayan',
  timestamp: '2023-06-07T08:58:32.189Z'
}
{
  message: 'DB Connected',
  level: 'info',
  service: 'user-service',
  label: 'Hello Sayan',
  timestamp: '2023-06-07T08:58:42.186Z'
}
{
  message: 'Server is running at http://localhost:5000',
  level: 'info',
  service: 'user-service',
  label: 'Hello Sayan',
  timestamp: '2023-06-07T08:58:42.193Z'
}
{
  message: 'DB Connected',
  level: 'info',
  service: 'user-service',
  label: 'Hello Sayan',
  timestamp: '2023-06-07T08:58:44.842Z'
}
{
  message: 'Server is running at http://localhost:5000',
  level: 'info',
  service: 'user-service',
  label: 'Hello Sayan',
  timestamp: '2023-06-07T08:58:44.857Z'
}
{
  message: 'DB Connected',
  level: 'info',
  service: 'user-service',
  label: 'Hello Sayan',
  timestamp: '2023-06-07T08:58:48.456Z'
}
{
  message: 'Server is running at http://localhost:5000',
  level: 'info',
  service: 'user-service',
  label: 'Hello Sayan',
  timestamp: '2023-06-07T08:58:48.466Z'
}
{
  message: 'DB Connected',
  level: 'info',
  service: 'user-service',
  label: 'Hello Sayan',
  timestamp: '2023-06-07T08:58:53.111Z'
}
{
  message: 'Server is running at http://localhost:5000',
  level: 'info',
  service: 'user-service',
  label: 'Hello Sayan',
  timestamp: '2023-06-07T08:58:53.124Z'
}
{
  message: 'DB Connected',
  level: 'info',
  service: 'user-service',
  label: 'Hello Sayan',
  timestamp: '2023-06-07T08:58:59.168Z'
}
{
  message: 'Server is running at http://localhost:5000',
  level: 'info',
  service: 'user-service',
  label: 'Hello Sayan',
  timestamp: '2023-06-07T08:58:59.189Z'
}
{
  message: 'DB Connected',
  level: 'info',
  service: 'user-service',
  label: 'Hello Sayan',
  timestamp: '2023-06-07T08:59:04.983Z'
}
{
  message: 'Server is running at http://localhost:5000',
  level: 'info',
  service: 'user-service',
  label: 'Hello Sayan',
  timestamp: '2023-06-07T08:59:04.997Z'
}
{
  message: 'DB Connected',
  level: 'info',
  service: 'user-service',
  label: 'Hello Sayan',
  timestamp: '2023-06-07T09:05:54.925Z'
}
{
  message: 'Server is running at http://localhost:5000',
  level: 'info',
  service: 'user-service',
  label: 'Hello Sayan',
  timestamp: '2023-06-07T09:05:54.951Z'
}
{
  message: 'DB Connected',
  level: 'info',
  service: 'user-service',
  label: 'Hello Sayan',
  timestamp: '2023-06-07T09:07:24.736Z'
}
{
  message: 'Server is running at http://localhost:5000',
  level: 'info',
  service: 'user-service',
  label: 'Hello Sayan',
  timestamp: '2023-06-07T09:07:24.761Z'
}
{
  message: 'DB Connected',
  level: 'info',
  service: 'user-service',
  label: 'Hello Sayan',
  timestamp: '2023-06-07T09:07:28.414Z'
}
{
  message: 'Server is running at http://localhost:5000',
  level: 'info',
  service: 'user-service',
  label: 'Hello Sayan',
  timestamp: '2023-06-07T09:07:28.423Z'
}
{
  message: 'DB Connected',
  level: 'info',
  service: 'user-service',
  label: 'Hello Sayan',
  timestamp: '2023-06-07T09:12:55.545Z'
}
{
  message: 'Server is running at http://localhost:5000',
  level: 'info',
  service: 'user-service',
  label: 'Hello Sayan',
  timestamp: '2023-06-07T09:12:55.566Z'
}
{
  message: 'DB Connected',
  level: 'info',
  service: 'user-service',
  label: 'Hello Sayan',
  timestamp: '2023-06-07T09:16:53.858Z'
}
{
  message: 'Server is running at http://localhost:5000',
  level: 'info',
  service: 'user-service',
  label: 'Hello Sayan',
  timestamp: '2023-06-07T09:16:53.881Z'
}
{
  message: 'DB Connected',
  level: 'info',
  service: 'user-service',
  label: 'Hello Sayan',
  timestamp: '2023-06-07T09:16:59.794Z'
}
{
  message: 'Server is running at http://localhost:5000',
  level: 'info',
  service: 'user-service',
  label: 'Hello Sayan',
  timestamp: '2023-06-07T09:16:59.802Z'
}
{
  message: 'DB Connected',
  level: 'info',
  service: 'user-service',
  label: 'Hello Sayan',
  timestamp: '2023-06-07T09:17:09.193Z'
}
{
  message: 'Server is running at http://localhost:5000',
  level: 'info',
  service: 'user-service',
  label: 'Hello Sayan',
  timestamp: '2023-06-07T09:17:09.207Z'
}
{
  message: 'DB Connected',
  level: 'info',
  service: 'user-service',
  label: 'Hello Sayan',
  timestamp: '2023-06-07T09:18:22.808Z'
}
{
  message: 'Server is running at http://localhost:5000',
  level: 'info',
  service: 'user-service',
  label: 'Hello Sayan',
  timestamp: '2023-06-07T09:18:22.823Z'
}
{
  message: 'DB Connected',
  level: 'info',
  service: 'user-service',
  label: 'Hello Sayan',
  timestamp: '2023-06-07T09:18:28.577Z'
}
{
  message: 'Server is running at http://localhost:5000',
  level: 'info',
  service: 'user-service',
  label: 'Hello Sayan',
  timestamp: '2023-06-07T09:18:28.586Z'
}
{
  message: 'DB Connected',
  level: 'info',
  service: 'user-service',
  label: 'Hello Sayan',
  timestamp: '2023-06-07T09:18:47.130Z'
}
{
  message: 'Server is running at http://localhost:5000',
  level: 'info',
  service: 'user-service',
  label: 'Hello Sayan',
  timestamp: '2023-06-07T09:18:47.145Z'
}
{
  message: 'DB Connected',
  level: 'info',
  service: 'user-service',
  label: 'Hello Sayan',
  timestamp: '2023-06-07T09:19:01.518Z'
}
{
  message: 'Server is running at http://localhost:5000',
  level: 'info',
  service: 'user-service',
  label: 'Hello Sayan',
  timestamp: '2023-06-07T09:19:01.531Z'
}
{
  message: 'DB Connected',
  level: 'info',
  service: 'user-service',
  label: 'Hello Sayan',
  timestamp: '2023-06-07T09:19:12.417Z'
}
{
  message: 'Server is running at http://localhost:5000',
  level: 'info',
  service: 'user-service',
  label: 'Hello Sayan',
  timestamp: '2023-06-07T09:19:12.426Z'
}
{
  message: 'DB Connected',
  level: 'info',
  service: 'user-service',
  label: 'Hello Sayan',
  timestamp: '2023-06-07T09:19:26.179Z'
}
{
  message: 'Server is running at http://localhost:5000',
  level: 'info',
  service: 'user-service',
  label: 'Hello Sayan',
  timestamp: '2023-06-07T09:19:26.192Z'
}
{
  message: 'DB Connected',
  level: 'info',
  service: 'user-service',
  label: 'Hello Sayan',
  timestamp: '2023-06-07T09:19:51.448Z'
}
{
  message: 'Server is running at http://localhost:5000',
  level: 'info',
  service: 'user-service',
  label: 'Hello Sayan',
  timestamp: '2023-06-07T09:19:51.456Z'
}
