{
  message: 'DB Connected',
  level: 'info',
  service: 'user-service',
  label: 'Hello Sayan',
  timestamp: '2023-06-20T08:55:31.737Z'
}
{
  message: 'Server is running at http://localhost:5000',
  level: 'info',
  service: 'user-service',
  label: 'Hello Sayan',
  timestamp: '2023-06-20T08:55:31.766Z'
}
{
  message: 'DB Connected',
  level: 'info',
  service: 'user-service',
  label: 'Hello Sayan',
  timestamp: '2023-06-20T08:57:55.520Z'
}
{
  message: 'Server is running at http://localhost:5000',
  level: 'info',
  service: 'user-service',
  label: 'Hello Sayan',
  timestamp: '2023-06-20T08:57:55.532Z'
}
{
  message: 'DB Connected',
  level: 'info',
  service: 'user-service',
  label: 'Hello Sayan',
  timestamp: '2023-06-20T08:59:10.884Z'
}
{
  message: 'Server is running at http://localhost:5000',
  level: 'info',
  service: 'user-service',
  label: 'Hello Sayan',
  timestamp: '2023-06-20T08:59:10.898Z'
}
{
  message: 'DB Connected',
  level: 'info',
  service: 'user-service',
  label: 'Hello Sayan',
  timestamp: '2023-06-20T09:00:26.146Z'
}
{
  message: 'Server is running at http://localhost:5000',
  level: 'info',
  service: 'user-service',
  label: 'Hello Sayan',
  timestamp: '2023-06-20T09:00:26.161Z'
}
{
  message: 'DB Connected',
  level: 'info',
  service: 'user-service',
  label: 'Hello Sayan',
  timestamp: '2023-06-20T09:01:12.213Z'
}
{
  message: 'Server is running at http://localhost:5000',
  level: 'info',
  service: 'user-service',
  label: 'Hello Sayan',
  timestamp: '2023-06-20T09:01:12.233Z'
}
{
  message: 'DB Connected',
  level: 'info',
  service: 'user-service',
  label: 'Hello Sayan',
  timestamp: '2023-06-20T09:02:08.520Z'
}
{
  message: 'Server is running at http://localhost:5000',
  level: 'info',
  service: 'user-service',
  label: 'Hello Sayan',
  timestamp: '2023-06-20T09:02:08.539Z'
}
{
  message: 'DB Connected',
  level: 'info',
  service: 'user-service',
  label: 'Hello Sayan',
  timestamp: '2023-06-20T09:02:26.806Z'
}
{
  message: 'Server is running at http://localhost:5000',
  level: 'info',
  service: 'user-service',
  label: 'Hello Sayan',
  timestamp: '2023-06-20T09:02:26.820Z'
}
{
  message: 'DB Connected',
  level: 'info',
  service: 'user-service',
  label: 'Hello Sayan',
  timestamp: '2023-06-20T09:02:52.091Z'
}
{
  message: 'Server is running at http://localhost:5000',
  level: 'info',
  service: 'user-service',
  label: 'Hello Sayan',
  timestamp: '2023-06-20T09:02:52.103Z'
}
{
  message: 'DB Connected',
  level: 'info',
  service: 'user-service',
  label: 'Hello Sayan',
  timestamp: '2023-06-20T09:03:06.522Z'
}
{
  message: 'Server is running at http://localhost:5000',
  level: 'info',
  service: 'user-service',
  label: 'Hello Sayan',
  timestamp: '2023-06-20T09:03:06.536Z'
}
{
  message: 'DB Connected',
  level: 'info',
  service: 'user-service',
  label: 'Hello Sayan',
  timestamp: '2023-06-20T09:05:14.756Z'
}
{
  message: 'Server is running at http://localhost:5000',
  level: 'info',
  service: 'user-service',
  label: 'Hello Sayan',
  timestamp: '2023-06-20T09:05:14.784Z'
}
