{
  message: 'DB Connected',
  level: 'info',
  service: 'user-service',
  label: 'Hello Sayan',
  timestamp: '2023-06-11T06:03:42.251Z'
}
{
  message: 'Server is running at http://localhost:5000',
  level: 'info',
  service: 'user-service',
  label: 'Hello Sayan',
  timestamp: '2023-06-11T06:03:42.273Z'
}
{
  message: 'DB Connected',
  level: 'info',
  service: 'user-service',
  label: 'Hello Sayan',
  timestamp: '2023-06-11T06:23:56.414Z'
}
{
  message: 'Server is running at http://localhost:5000',
  level: 'info',
  service: 'user-service',
  label: 'Hello Sayan',
  timestamp: '2023-06-11T06:23:56.473Z'
}
{
  message: 'DB Connected',
  level: 'info',
  service: 'user-service',
  label: 'Hello Sayan',
  timestamp: '2023-06-11T06:24:25.511Z'
}
{
  message: 'Server is running at http://localhost:5000',
  level: 'info',
  service: 'user-service',
  label: 'Hello Sayan',
  timestamp: '2023-06-11T06:24:25.572Z'
}
{
  message: 'DB Connected',
  level: 'info',
  service: 'user-service',
  label: 'Hello Sayan',
  timestamp: '2023-06-11T06:24:45.307Z'
}
{
  message: 'Server is running at http://localhost:5000',
  level: 'info',
  service: 'user-service',
  label: 'Hello Sayan',
  timestamp: '2023-06-11T06:24:45.342Z'
}
{
  message: 'DB Connected',
  level: 'info',
  service: 'user-service',
  label: 'Hello Sayan',
  timestamp: '2023-06-11T06:25:09.660Z'
}
{
  message: 'Server is running at http://localhost:5000',
  level: 'info',
  service: 'user-service',
  label: 'Hello Sayan',
  timestamp: '2023-06-11T06:25:09.681Z'
}
{
  message: 'DB Connected',
  level: 'info',
  service: 'user-service',
  label: 'Hello Sayan',
  timestamp: '2023-06-11T06:25:29.299Z'
}
{
  message: 'Server is running at http://localhost:5000',
  level: 'info',
  service: 'user-service',
  label: 'Hello Sayan',
  timestamp: '2023-06-11T06:25:29.342Z'
}
{
  message: 'DB Connected',
  level: 'info',
  service: 'user-service',
  label: 'Hello Sayan',
  timestamp: '2023-06-11T06:25:41.195Z'
}
{
  message: 'Server is running at http://localhost:5000',
  level: 'info',
  service: 'user-service',
  label: 'Hello Sayan',
  timestamp: '2023-06-11T06:25:41.245Z'
}
{
  message: 'DB Connected',
  level: 'info',
  service: 'user-service',
  label: 'Hello Sayan',
  timestamp: '2023-06-11T06:25:46.598Z'
}
{
  message: 'Server is running at http://localhost:5000',
  level: 'info',
  service: 'user-service',
  label: 'Hello Sayan',
  timestamp: '2023-06-11T06:25:46.631Z'
}
{
  message: 'DB Connected',
  level: 'info',
  service: 'user-service',
  label: 'Hello Sayan',
  timestamp: '2023-06-11T06:26:05.181Z'
}
{
  message: 'Server is running at http://localhost:5000',
  level: 'info',
  service: 'user-service',
  label: 'Hello Sayan',
  timestamp: '2023-06-11T06:26:05.214Z'
}
{
  message: 'DB Connected',
  level: 'info',
  service: 'user-service',
  label: 'Hello Sayan',
  timestamp: '2023-06-11T06:26:46.815Z'
}
{
  message: 'Server is running at http://localhost:5000',
  level: 'info',
  service: 'user-service',
  label: 'Hello Sayan',
  timestamp: '2023-06-11T06:26:46.839Z'
}
{
  message: 'DB Connected',
  level: 'info',
  service: 'user-service',
  label: 'Hello Sayan',
  timestamp: '2023-06-11T06:27:06.197Z'
}
{
  message: 'Server is running at http://localhost:5000',
  level: 'info',
  service: 'user-service',
  label: 'Hello Sayan',
  timestamp: '2023-06-11T06:27:06.241Z'
}
{
  message: 'DB Connected',
  level: 'info',
  service: 'user-service',
  label: 'Hello Sayan',
  timestamp: '2023-06-11T06:28:06.900Z'
}
{
  message: 'Server is running at http://localhost:5000',
  level: 'info',
  service: 'user-service',
  label: 'Hello Sayan',
  timestamp: '2023-06-11T06:28:06.924Z'
}
{
  message: 'DB Connected',
  level: 'info',
  service: 'user-service',
  label: 'Hello Sayan',
  timestamp: '2023-06-11T06:29:05.634Z'
}
{
  message: 'Server is running at http://localhost:5000',
  level: 'info',
  service: 'user-service',
  label: 'Hello Sayan',
  timestamp: '2023-06-11T06:29:05.700Z'
}
{
  message: 'DB Connected',
  level: 'info',
  service: 'user-service',
  label: 'Hello Sayan',
  timestamp: '2023-06-11T06:29:23.868Z'
}
{
  message: 'Server is running at http://localhost:5000',
  level: 'info',
  service: 'user-service',
  label: 'Hello Sayan',
  timestamp: '2023-06-11T06:29:23.897Z'
}
{
  message: 'DB Connected',
  level: 'info',
  service: 'user-service',
  label: 'Hello Sayan',
  timestamp: '2023-06-11T06:29:37.676Z'
}
{
  message: 'Server is running at http://localhost:5000',
  level: 'info',
  service: 'user-service',
  label: 'Hello Sayan',
  timestamp: '2023-06-11T06:29:37.714Z'
}
{
  message: 'DB Connected',
  level: 'info',
  service: 'user-service',
  label: 'Hello Sayan',
  timestamp: '2023-06-11T06:29:42.358Z'
}
{
  message: 'Server is running at http://localhost:5000',
  level: 'info',
  service: 'user-service',
  label: 'Hello Sayan',
  timestamp: '2023-06-11T06:29:42.410Z'
}
{
  message: 'DB Connected',
  level: 'info',
  service: 'user-service',
  label: 'Hello Sayan',
  timestamp: '2023-06-11T06:29:50.740Z'
}
{
  message: 'Server is running at http://localhost:5000',
  level: 'info',
  service: 'user-service',
  label: 'Hello Sayan',
  timestamp: '2023-06-11T06:29:50.771Z'
}
{
  message: 'DB Connected',
  level: 'info',
  service: 'user-service',
  label: 'Hello Sayan',
  timestamp: '2023-06-11T06:29:54.922Z'
}
{
  message: 'Server is running at http://localhost:5000',
  level: 'info',
  service: 'user-service',
  label: 'Hello Sayan',
  timestamp: '2023-06-11T06:29:54.957Z'
}
