{
  message: 'DB Connected',
  level: 'info',
  service: 'user-service',
  label: 'Hello Sayan',
  timestamp: '2023-06-08T07:35:50.915Z'
}
{
  message: 'Server is running at http://localhost:5000',
  level: 'info',
  service: 'user-service',
  label: 'Hello Sayan',
  timestamp: '2023-06-08T07:35:50.956Z'
}
{
  message: 'DB Connected',
  level: 'info',
  service: 'user-service',
  label: 'Hello Sayan',
  timestamp: '2023-06-08T07:38:14.245Z'
}
{
  message: 'Server is running at http://localhost:5000',
  level: 'info',
  service: 'user-service',
  label: 'Hello Sayan',
  timestamp: '2023-06-08T07:38:14.272Z'
}
{
  message: 'DB Connected',
  level: 'info',
  service: 'user-service',
  label: 'Hello Sayan',
  timestamp: '2023-06-08T07:39:21.270Z'
}
{
  message: 'Server is running at http://localhost:5000',
  level: 'info',
  service: 'user-service',
  label: 'Hello Sayan',
  timestamp: '2023-06-08T07:39:21.294Z'
}
{
  message: 'DB Connected',
  level: 'info',
  service: 'user-service',
  label: 'Hello Sayan',
  timestamp: '2023-06-08T07:40:12.887Z'
}
{
  message: 'Server is running at http://localhost:5000',
  level: 'info',
  service: 'user-service',
  label: 'Hello Sayan',
  timestamp: '2023-06-08T07:40:12.943Z'
}
{
  message: 'DB Connected',
  level: 'info',
  service: 'user-service',
  label: 'Hello Sayan',
  timestamp: '2023-06-08T07:42:23.654Z'
}
{
  message: 'Server is running at http://localhost:5000',
  level: 'info',
  service: 'user-service',
  label: 'Hello Sayan',
  timestamp: '2023-06-08T07:42:23.723Z'
}
{
  message: 'DB Connected',
  level: 'info',
  service: 'user-service',
  label: 'Hello Sayan',
  timestamp: '2023-06-08T07:42:28.314Z'
}
{
  message: 'Server is running at http://localhost:5000',
  level: 'info',
  service: 'user-service',
  label: 'Hello Sayan',
  timestamp: '2023-06-08T07:42:28.354Z'
}
{
  message: 'DB Connected',
  level: 'info',
  service: 'user-service',
  label: 'Hello Sayan',
  timestamp: '2023-06-08T07:42:32.433Z'
}
{
  message: 'Server is running at http://localhost:5000',
  level: 'info',
  service: 'user-service',
  label: 'Hello Sayan',
  timestamp: '2023-06-08T07:42:32.468Z'
}
{
  message: 'DB Connected',
  level: 'info',
  service: 'user-service',
  label: 'Hello Sayan',
  timestamp: '2023-06-08T07:43:46.000Z'
}
{
  message: 'Server is running at http://localhost:5000',
  level: 'info',
  service: 'user-service',
  label: 'Hello Sayan',
  timestamp: '2023-06-08T07:43:46.028Z'
}
{
  message: 'DB Connected',
  level: 'info',
  service: 'user-service',
  label: 'Hello Sayan',
  timestamp: '2023-06-08T07:44:17.955Z'
}
{
  message: 'Server is running at http://localhost:5000',
  level: 'info',
  service: 'user-service',
  label: 'Hello Sayan',
  timestamp: '2023-06-08T07:44:17.984Z'
}
{
  message: 'DB Connected',
  level: 'info',
  service: 'user-service',
  label: 'Hello Sayan',
  timestamp: '2023-06-08T07:44:35.155Z'
}
{
  message: 'Server is running at http://localhost:5000',
  level: 'info',
  service: 'user-service',
  label: 'Hello Sayan',
  timestamp: '2023-06-08T07:44:35.219Z'
}
{
  message: 'DB Connected',
  level: 'info',
  service: 'user-service',
  label: 'Hello Sayan',
  timestamp: '2023-06-08T07:44:52.881Z'
}
{
  message: 'Server is running at http://localhost:5000',
  level: 'info',
  service: 'user-service',
  label: 'Hello Sayan',
  timestamp: '2023-06-08T07:44:52.906Z'
}
