{
  message: 'DB Connected',
  level: 'info',
  service: 'user-service',
  label: 'Hello Sayan',
  timestamp: '2023-06-13T04:10:30.434Z'
}
{
  message: 'Server is running at http://localhost:5000',
  level: 'info',
  service: 'user-service',
  label: 'Hello Sayan',
  timestamp: '2023-06-13T04:10:30.515Z'
}
{
  message: 'DB Connected',
  level: 'info',
  service: 'user-service',
  label: 'Hello Sayan',
  timestamp: '2023-06-13T04:16:18.267Z'
}
{
  message: 'Server is running at http://localhost:5000',
  level: 'info',
  service: 'user-service',
  label: 'Hello Sayan',
  timestamp: '2023-06-13T04:16:18.293Z'
}
{
  message: 'DB Connected',
  level: 'info',
  service: 'user-service',
  label: 'Hello Sayan',
  timestamp: '2023-06-13T04:18:17.781Z'
}
{
  message: 'Server is running at http://localhost:5000',
  level: 'info',
  service: 'user-service',
  label: 'Hello Sayan',
  timestamp: '2023-06-13T04:18:17.819Z'
}
{
  message: 'DB Connected',
  level: 'info',
  service: 'user-service',
  label: 'Hello Sayan',
  timestamp: '2023-06-13T04:19:43.604Z'
}
{
  message: 'Server is running at http://localhost:5000',
  level: 'info',
  service: 'user-service',
  label: 'Hello Sayan',
  timestamp: '2023-06-13T04:19:43.621Z'
}
{
  message: 'DB Connected',
  level: 'info',
  service: 'user-service',
  label: 'Hello Sayan',
  timestamp: '2023-06-13T04:21:00.773Z'
}
{
  message: 'Server is running at http://localhost:5000',
  level: 'info',
  service: 'user-service',
  label: 'Hello Sayan',
  timestamp: '2023-06-13T04:21:00.840Z'
}
{
  message: 'DB Connected',
  level: 'info',
  service: 'user-service',
  label: 'Hello Sayan',
  timestamp: '2023-06-13T04:21:11.369Z'
}
{
  message: 'Server is running at http://localhost:5000',
  level: 'info',
  service: 'user-service',
  label: 'Hello Sayan',
  timestamp: '2023-06-13T04:21:11.392Z'
}
