{
  service: 'user-service',
  message: "Error connecting to the database: Could not connect to any servers in your MongoDB Atlas cluster. One common reason is that you're trying to access the database from an IP that isn't whitelisted. Make sure your current IP address is on your Atlas cluster's IP whitelist: https://www.mongodb.com/docs/atlas/security-whitelist/",
  reason: TopologyDescription {
    type: 'ReplicaSetNoPrimary',
    servers: Map(3) {
      'ac-85nj4vf-shard-00-00.pm6i8f3.mongodb.net:27017' => ServerDescription {
        address: 'ac-85nj4vf-shard-00-00.pm6i8f3.mongodb.net:27017',
        type: 'Unknown',
        hosts: [],
        passives: [],
        arbiters: [],
        tags: {},
        minWireVersion: 0,
        maxWireVersion: 0,
        roundTripTime: -1,
        lastUpdateTime: 67404332,
        lastWriteDate: 0,
        error: MongoNetworkError: connect ETIMEDOUT 64:ff9b::4100:ebd:27017
            at connectionFailureError (C:\Next Level Web Dev\univerity-management-auth-service\node_modules\mongodb\src\cmap\connect.ts:491:14)
            at TLSSocket.<anonymous> (C:\Next Level Web Dev\univerity-management-auth-service\node_modules\mongodb\src\cmap\connect.ts:392:16)
            at Object.onceWrapper (node:events:628:26)
            at TLSSocket.emit (node:events:513:28)
            at emitErrorNT (node:internal/streams/destroy:151:8)
            at emitErrorCloseNT (node:internal/streams/destroy:116:3)
            at processTicksAndRejections (node:internal/process/task_queues:82:21) {
          cause: Error: connect ETIMEDOUT 64:ff9b::4100:ebd:27017
              at TCPConnectWrap.afterConnect [as oncomplete] (node:net:1471:16) {
            errno: -4039,
            code: 'ETIMEDOUT',
            syscall: 'connect',
            address: '64:ff9b::4100:ebd',
            port: 27017
          },
          [Symbol(errorLabels)]: Set(1) { 'ResetPool' }
        },
        topologyVersion: null,
        setName: null,
        setVersion: null,
        electionId: null,
        logicalSessionTimeoutMinutes: null,
        primary: null,
        me: null,
        '$clusterTime': null
      },
      'ac-85nj4vf-shard-00-01.pm6i8f3.mongodb.net:27017' => ServerDescription {
        address: 'ac-85nj4vf-shard-00-01.pm6i8f3.mongodb.net:27017',
        type: 'Unknown',
        hosts: [],
        passives: [],
        arbiters: [],
        tags: {},
        minWireVersion: 0,
        maxWireVersion: 0,
        roundTripTime: -1,
        lastUpdateTime: 67404334,
        lastWriteDate: 0,
        error: MongoNetworkError: connect ETIMEDOUT 64:ff9b::fcf:a8ed:27017
            at connectionFailureError (C:\Next Level Web Dev\univerity-management-auth-service\node_modules\mongodb\src\cmap\connect.ts:491:14)
            at TLSSocket.<anonymous> (C:\Next Level Web Dev\univerity-management-auth-service\node_modules\mongodb\src\cmap\connect.ts:392:16)
            at Object.onceWrapper (node:events:628:26)
            at TLSSocket.emit (node:events:513:28)
            at emitErrorNT (node:internal/streams/destroy:151:8)
            at emitErrorCloseNT (node:internal/streams/destroy:116:3)
            at processTicksAndRejections (node:internal/process/task_queues:82:21) {
          cause: Error: connect ETIMEDOUT 64:ff9b::fcf:a8ed:27017
              at TCPConnectWrap.afterConnect [as oncomplete] (node:net:1471:16) {
            errno: -4039,
            code: 'ETIMEDOUT',
            syscall: 'connect',
            address: '64:ff9b::fcf:a8ed',
            port: 27017
          },
          [Symbol(errorLabels)]: Set(1) { 'ResetPool' }
        },
        topologyVersion: null,
        setName: null,
        setVersion: null,
        electionId: null,
        logicalSessionTimeoutMinutes: null,
        primary: null,
        me: null,
        '$clusterTime': null
      },
      'ac-85nj4vf-shard-00-02.pm6i8f3.mongodb.net:27017' => ServerDescription {
        address: 'ac-85nj4vf-shard-00-02.pm6i8f3.mongodb.net:27017',
        type: 'Unknown',
        hosts: [],
        passives: [],
        arbiters: [],
        tags: {},
        minWireVersion: 0,
        maxWireVersion: 0,
        roundTripTime: -1,
        lastUpdateTime: 67404327,
        lastWriteDate: 0,
        error: MongoNetworkError: connect ETIMEDOUT 64:ff9b::307:bbe6:27017
            at connectionFailureError (C:\Next Level Web Dev\univerity-management-auth-service\node_modules\mongodb\src\cmap\connect.ts:491:14)
            at TLSSocket.<anonymous> (C:\Next Level Web Dev\univerity-management-auth-service\node_modules\mongodb\src\cmap\connect.ts:392:16)
            at Object.onceWrapper (node:events:628:26)
            at TLSSocket.emit (node:events:513:28)
            at emitErrorNT (node:internal/streams/destroy:151:8)
            at emitErrorCloseNT (node:internal/streams/destroy:116:3)
            at processTicksAndRejections (node:internal/process/task_queues:82:21) {
          cause: Error: connect ETIMEDOUT 64:ff9b::307:bbe6:27017
              at TCPConnectWrap.afterConnect [as oncomplete] (node:net:1471:16) {
            errno: -4039,
            code: 'ETIMEDOUT',
            syscall: 'connect',
            address: '64:ff9b::307:bbe6',
            port: 27017
          },
          [Symbol(errorLabels)]: Set(1) { 'ResetPool' }
        },
        topologyVersion: null,
        setName: null,
        setVersion: null,
        electionId: null,
        logicalSessionTimeoutMinutes: null,
        primary: null,
        me: null,
        '$clusterTime': null
      }
    },
    stale: false,
    compatible: true,
    heartbeatFrequencyMS: 10000,
    localThresholdMS: 15,
    setName: 'atlas-36zlpz-shard-0',
    maxElectionId: null,
    maxSetVersion: null,
    commonWireVersion: 0,
    logicalSessionTimeoutMinutes: null
  },
  code: undefined,
  level: 'error',
  stack: "MongooseServerSelectionError: Could not connect to any servers in your MongoDB Atlas cluster. One common reason is that you're trying to access the database from an IP that isn't whitelisted. Make sure your current IP address is on your Atlas cluster's IP whitelist: https://www.mongodb.com/docs/atlas/security-whitelist/\n" +
    '    at _handleConnectionErrors (C:\\Next Level Web Dev\\univerity-management-auth-service\\node_modules\\mongoose\\lib\\connection.js:792:11)\n' +
    '    at NativeConnection.openUri (C:\\Next Level Web Dev\\univerity-management-auth-service\\node_modules\\mongoose\\lib\\connection.js:767:11)\n' +
    '    at processTicksAndRejections (node:internal/process/task_queues:95:5)',
  label: 'right meow!',
  timestamp: '2023-06-11T06:52:39.624Z'
}
