{
  service: 'user-service',
  message: 'Error connecting to the database: connect ETIMEDOUT 64:ff9b::307:bbe6:27017',
  reason: TopologyDescription {
    type: 'ReplicaSetNoPrimary',
    servers: Map(3) {
      'ac-85nj4vf-shard-00-01.pm6i8f3.mongodb.net:27017' => ServerDescription {
        address: 'ac-85nj4vf-shard-00-01.pm6i8f3.mongodb.net:27017',
        type: 'RSSecondary',
        hosts: [
          'ac-85nj4vf-shard-00-00.pm6i8f3.mongodb.net:27017',
          'ac-85nj4vf-shard-00-01.pm6i8f3.mongodb.net:27017',
          'ac-85nj4vf-shard-00-02.pm6i8f3.mongodb.net:27017'
        ],
        passives: [],
        arbiters: [],
        tags: {
          workloadType: 'OPERATIONAL',
          nodeType: 'ELECTABLE',
          region: 'AP_SOUTH_1',
          provider: 'AWS'
        },
        minWireVersion: 0,
        maxWireVersion: 17,
        roundTripTime: 5082.3600000000015,
        lastUpdateTime: 341484427,
        lastWriteDate: 2023-06-16T05:51:35.000Z,
        error: null,
        topologyVersion: {
          processId: new ObjectId("648b3947b5364b8297912062"),
          counter: 3
        },
        setName: 'atlas-36zlpz-shard-0',
        setVersion: 4,
        electionId: null,
        logicalSessionTimeoutMinutes: 30,
        primary: 'ac-85nj4vf-shard-00-02.pm6i8f3.mongodb.net:27017',
        me: 'ac-85nj4vf-shard-00-01.pm6i8f3.mongodb.net:27017',
        '$clusterTime': {
          clusterTime: new Timestamp({ t: 1686894695, i: 26 }),
          signature: {
            hash: Binary.createFromBase64("poCAANKTfaR/d2bVdFFlUDXe+oM=", 0),
            keyId: new Long("7207741453890486274")
          }
        }
      },
      'ac-85nj4vf-shard-00-02.pm6i8f3.mongodb.net:27017' => ServerDescription {
        address: 'ac-85nj4vf-shard-00-02.pm6i8f3.mongodb.net:27017',
        type: 'Unknown',
        hosts: [],
        passives: [],
        arbiters: [],
        tags: {},
        minWireVersion: 0,
        maxWireVersion: 0,
        roundTripTime: -1,
        lastUpdateTime: 341480489,
        lastWriteDate: 0,
        error: MongoNetworkError: connect ETIMEDOUT 64:ff9b::307:bbe6:27017
            at connectionFailureError (C:\Next Level Web Dev\univerity-management-auth-service\node_modules\mongodb\src\cmap\connect.ts:491:14)
            at TLSSocket.<anonymous> (C:\Next Level Web Dev\univerity-management-auth-service\node_modules\mongodb\src\cmap\connect.ts:392:16)
            at Object.onceWrapper (node:events:628:26)
            at TLSSocket.emit (node:events:513:28)
            at emitErrorNT (node:internal/streams/destroy:151:8)
            at emitErrorCloseNT (node:internal/streams/destroy:116:3)
            at processTicksAndRejections (node:internal/process/task_queues:82:21) {
          cause: Error: connect ETIMEDOUT 64:ff9b::307:bbe6:27017
              at TCPConnectWrap.afterConnect [as oncomplete] (node:net:1471:16) {
            errno: -4039,
            code: 'ETIMEDOUT',
            syscall: 'connect',
            address: '64:ff9b::307:bbe6',
            port: 27017
          },
          [Symbol(errorLabels)]: Set(1) { 'ResetPool' }
        },
        topologyVersion: null,
        setName: null,
        setVersion: null,
        electionId: null,
        logicalSessionTimeoutMinutes: null,
        primary: null,
        me: null,
        '$clusterTime': null
      },
      'ac-85nj4vf-shard-00-00.pm6i8f3.mongodb.net:27017' => ServerDescription {
        address: 'ac-85nj4vf-shard-00-00.pm6i8f3.mongodb.net:27017',
        type: 'RSSecondary',
        hosts: [
          'ac-85nj4vf-shard-00-00.pm6i8f3.mongodb.net:27017',
          'ac-85nj4vf-shard-00-01.pm6i8f3.mongodb.net:27017',
          'ac-85nj4vf-shard-00-02.pm6i8f3.mongodb.net:27017'
        ],
        passives: [],
        arbiters: [],
        tags: {
          workloadType: 'OPERATIONAL',
          provider: 'AWS',
          region: 'AP_SOUTH_1',
          nodeType: 'ELECTABLE'
        },
        minWireVersion: 0,
        maxWireVersion: 17,
        roundTripTime: 3995.0000000000005,
        lastUpdateTime: 341482589,
        lastWriteDate: 2023-06-16T05:51:33.000Z,
        error: null,
        topologyVersion: {
          processId: new ObjectId("648b36dede7c459d8a46c545"),
          counter: 4
        },
        setName: 'atlas-36zlpz-shard-0',
        setVersion: 4,
        electionId: null,
        logicalSessionTimeoutMinutes: 30,
        primary: 'ac-85nj4vf-shard-00-02.pm6i8f3.mongodb.net:27017',
        me: 'ac-85nj4vf-shard-00-00.pm6i8f3.mongodb.net:27017',
        '$clusterTime': {
          clusterTime: new Timestamp({ t: 1686894693, i: 25 }),
          signature: {
            hash: Binary.createFromBase64("WVyn+MabHE5RnvkYGB0Px9Yv9DA=", 0),
            keyId: new Long("7207741453890486274")
          }
        }
      }
    },
    stale: false,
    compatible: true,
    heartbeatFrequencyMS: 10000,
    localThresholdMS: 15,
    setName: 'atlas-36zlpz-shard-0',
    maxElectionId: null,
    maxSetVersion: null,
    commonWireVersion: 0,
    logicalSessionTimeoutMinutes: 30
  },
  code: undefined,
  level: 'error',
  stack: 'MongooseServerSelectionError: connect ETIMEDOUT 64:ff9b::307:bbe6:27017\n' +
    '    at _handleConnectionErrors (C:\\Next Level Web Dev\\univerity-management-auth-service\\node_modules\\mongoose\\lib\\connection.js:792:11)\n' +
    '    at NativeConnection.openUri (C:\\Next Level Web Dev\\univerity-management-auth-service\\node_modules\\mongoose\\lib\\connection.js:767:11)\n' +
    '    at processTicksAndRejections (node:internal/process/task_queues:95:5)',
  label: 'right meow!',
  timestamp: '2023-06-16T05:51:36.177Z'
}
{
  level: 'error',
  service: 'user-service',
  label: 'right meow!',
  timestamp: '2023-06-16T06:16:44.177Z'
}
