{
  service: 'user-service',
  message: 'Error connecting to the database: connect ETIMEDOUT 64:ff9b::fcf:a8ed:27017',
  reason: TopologyDescription {
    type: 'ReplicaSetNoPrimary',
    servers: Map(3) {
      'ac-85nj4vf-shard-00-00.pm6i8f3.mongodb.net:27017' => ServerDescription {
        address: 'ac-85nj4vf-shard-00-00.pm6i8f3.mongodb.net:27017',
        type: 'RSSecondary',
        hosts: [
          'ac-85nj4vf-shard-00-00.pm6i8f3.mongodb.net:27017',
          'ac-85nj4vf-shard-00-01.pm6i8f3.mongodb.net:27017',
          'ac-85nj4vf-shard-00-02.pm6i8f3.mongodb.net:27017'
        ],
        passives: [],
        arbiters: [],
        tags: {
          region: 'AP_SOUTH_1',
          provider: 'AWS',
          workloadType: 'OPERATIONAL',
          nodeType: 'ELECTABLE'
        },
        minWireVersion: 0,
        maxWireVersion: 17,
        roundTripTime: 375.56000000000006,
        lastUpdateTime: 5870840,
        lastWriteDate: 2023-06-12T08:38:14.000Z,
        error: null,
        topologyVersion: {
          processId: new ObjectId("647749a7d5c246c34c63d97b"),
          counter: 8
        },
        setName: 'atlas-36zlpz-shard-0',
        setVersion: 4,
        electionId: null,
        logicalSessionTimeoutMinutes: 30,
        primary: 'ac-85nj4vf-shard-00-01.pm6i8f3.mongodb.net:27017',
        me: 'ac-85nj4vf-shard-00-00.pm6i8f3.mongodb.net:27017',
        '$clusterTime': {
          clusterTime: new Timestamp({ t: 1686559094, i: 18 }),
          signature: {
            hash: Binary.createFromBase64("OExBbkbl9UinGrNDtKn6dgT8l3w=", 0),
            keyId: new Long("7207741453890486274")
          }
        }
      },
      'ac-85nj4vf-shard-00-01.pm6i8f3.mongodb.net:27017' => ServerDescription {
        address: 'ac-85nj4vf-shard-00-01.pm6i8f3.mongodb.net:27017',
        type: 'Unknown',
        hosts: [],
        passives: [],
        arbiters: [],
        tags: {},
        minWireVersion: 0,
        maxWireVersion: 0,
        roundTripTime: -1,
        lastUpdateTime: 5871080,
        lastWriteDate: 0,
        error: MongoNetworkError: connect ETIMEDOUT 64:ff9b::fcf:a8ed:27017
            at connectionFailureError (C:\Next Level Web Dev\univerity-management-auth-service\node_modules\mongodb\src\cmap\connect.ts:491:14)
            at TLSSocket.<anonymous> (C:\Next Level Web Dev\univerity-management-auth-service\node_modules\mongodb\src\cmap\connect.ts:392:16)
            at Object.onceWrapper (node:events:628:26)
            at TLSSocket.emit (node:events:513:28)
            at emitErrorNT (node:internal/streams/destroy:151:8)
            at emitErrorCloseNT (node:internal/streams/destroy:116:3)
            at processTicksAndRejections (node:internal/process/task_queues:82:21) {
          cause: Error: connect ETIMEDOUT 64:ff9b::fcf:a8ed:27017
              at TCPConnectWrap.afterConnect [as oncomplete] (node:net:1471:16) {
            errno: -4039,
            code: 'ETIMEDOUT',
            syscall: 'connect',
            address: '64:ff9b::fcf:a8ed',
            port: 27017
          },
          [Symbol(errorLabels)]: Set(1) { 'ResetPool' }
        },
        topologyVersion: null,
        setName: null,
        setVersion: null,
        electionId: null,
        logicalSessionTimeoutMinutes: null,
        primary: null,
        me: null,
        '$clusterTime': null
      },
      'ac-85nj4vf-shard-00-02.pm6i8f3.mongodb.net:27017' => ServerDescription {
        address: 'ac-85nj4vf-shard-00-02.pm6i8f3.mongodb.net:27017',
        type: 'RSSecondary',
        hosts: [
          'ac-85nj4vf-shard-00-00.pm6i8f3.mongodb.net:27017',
          'ac-85nj4vf-shard-00-01.pm6i8f3.mongodb.net:27017',
          'ac-85nj4vf-shard-00-02.pm6i8f3.mongodb.net:27017'
        ],
        passives: [],
        arbiters: [],
        tags: {
          nodeType: 'ELECTABLE',
          workloadType: 'OPERATIONAL',
          region: 'AP_SOUTH_1',
          provider: 'AWS'
        },
        minWireVersion: 0,
        maxWireVersion: 17,
        roundTripTime: 318.36,
        lastUpdateTime: 5870838,
        lastWriteDate: 2023-06-12T08:38:14.000Z,
        error: null,
        topologyVersion: {
          processId: new ObjectId("6479fad1763591b215a42779"),
          counter: 3
        },
        setName: 'atlas-36zlpz-shard-0',
        setVersion: 4,
        electionId: null,
        logicalSessionTimeoutMinutes: 30,
        primary: 'ac-85nj4vf-shard-00-01.pm6i8f3.mongodb.net:27017',
        me: 'ac-85nj4vf-shard-00-02.pm6i8f3.mongodb.net:27017',
        '$clusterTime': {
          clusterTime: new Timestamp({ t: 1686559094, i: 18 }),
          signature: {
            hash: Binary.createFromBase64("OExBbkbl9UinGrNDtKn6dgT8l3w=", 0),
            keyId: new Long("7207741453890486274")
          }
        }
      }
    },
    stale: false,
    compatible: true,
    heartbeatFrequencyMS: 10000,
    localThresholdMS: 15,
    setName: 'atlas-36zlpz-shard-0',
    maxElectionId: null,
    maxSetVersion: null,
    commonWireVersion: 0,
    logicalSessionTimeoutMinutes: 30
  },
  code: undefined,
  level: 'error',
  stack: 'MongooseServerSelectionError: connect ETIMEDOUT 64:ff9b::fcf:a8ed:27017\n' +
    '    at _handleConnectionErrors (C:\\Next Level Web Dev\\univerity-management-auth-service\\node_modules\\mongoose\\lib\\connection.js:792:11)\n' +
    '    at NativeConnection.openUri (C:\\Next Level Web Dev\\univerity-management-auth-service\\node_modules\\mongoose\\lib\\connection.js:767:11)\n' +
    '    at processTicksAndRejections (node:internal/process/task_queues:95:5)',
  label: 'right meow!',
  timestamp: '2023-06-12T08:38:23.520Z'
}
{
  service: 'user-service',
  message: 'Error connecting to the database: connect ETIMEDOUT 64:ff9b::fcf:a8ed:27017',
  reason: TopologyDescription {
    type: 'ReplicaSetNoPrimary',
    servers: Map(3) {
      'ac-85nj4vf-shard-00-00.pm6i8f3.mongodb.net:27017' => ServerDescription {
        address: 'ac-85nj4vf-shard-00-00.pm6i8f3.mongodb.net:27017',
        type: 'RSSecondary',
        hosts: [
          'ac-85nj4vf-shard-00-00.pm6i8f3.mongodb.net:27017',
          'ac-85nj4vf-shard-00-01.pm6i8f3.mongodb.net:27017',
          'ac-85nj4vf-shard-00-02.pm6i8f3.mongodb.net:27017'
        ],
        passives: [],
        arbiters: [],
        tags: {
          workloadType: 'OPERATIONAL',
          provider: 'AWS',
          nodeType: 'ELECTABLE',
          region: 'AP_SOUTH_1'
        },
        minWireVersion: 0,
        maxWireVersion: 17,
        roundTripTime: 524.9200000000001,
        lastUpdateTime: 5982208,
        lastWriteDate: 2023-06-12T08:40:05.000Z,
        error: null,
        topologyVersion: {
          processId: new ObjectId("647749a7d5c246c34c63d97b"),
          counter: 8
        },
        setName: 'atlas-36zlpz-shard-0',
        setVersion: 4,
        electionId: null,
        logicalSessionTimeoutMinutes: 30,
        primary: 'ac-85nj4vf-shard-00-01.pm6i8f3.mongodb.net:27017',
        me: 'ac-85nj4vf-shard-00-00.pm6i8f3.mongodb.net:27017',
        '$clusterTime': {
          clusterTime: new Timestamp({ t: 1686559205, i: 66 }),
          signature: {
            hash: Binary.createFromBase64("jtrmdGCRiQZjP/entzGbB6I3rjE=", 0),
            keyId: new Long("7207741453890486274")
          }
        }
      },
      'ac-85nj4vf-shard-00-01.pm6i8f3.mongodb.net:27017' => ServerDescription {
        address: 'ac-85nj4vf-shard-00-01.pm6i8f3.mongodb.net:27017',
        type: 'Unknown',
        hosts: [],
        passives: [],
        arbiters: [],
        tags: {},
        minWireVersion: 0,
        maxWireVersion: 0,
        roundTripTime: -1,
        lastUpdateTime: 5981871,
        lastWriteDate: 0,
        error: MongoNetworkError: connect ETIMEDOUT 64:ff9b::fcf:a8ed:27017
            at connectionFailureError (C:\Next Level Web Dev\univerity-management-auth-service\node_modules\mongodb\src\cmap\connect.ts:491:14)
            at TLSSocket.<anonymous> (C:\Next Level Web Dev\univerity-management-auth-service\node_modules\mongodb\src\cmap\connect.ts:392:16)
            at Object.onceWrapper (node:events:628:26)
            at TLSSocket.emit (node:events:513:28)
            at emitErrorNT (node:internal/streams/destroy:151:8)
            at emitErrorCloseNT (node:internal/streams/destroy:116:3)
            at processTicksAndRejections (node:internal/process/task_queues:82:21) {
          cause: Error: connect ETIMEDOUT 64:ff9b::fcf:a8ed:27017
              at TCPConnectWrap.afterConnect [as oncomplete] (node:net:1471:16) {
            errno: -4039,
            code: 'ETIMEDOUT',
            syscall: 'connect',
            address: '64:ff9b::fcf:a8ed',
            port: 27017
          },
          [Symbol(errorLabels)]: Set(1) { 'ResetPool' }
        },
        topologyVersion: null,
        setName: null,
        setVersion: null,
        electionId: null,
        logicalSessionTimeoutMinutes: null,
        primary: null,
        me: null,
        '$clusterTime': null
      },
      'ac-85nj4vf-shard-00-02.pm6i8f3.mongodb.net:27017' => ServerDescription {
        address: 'ac-85nj4vf-shard-00-02.pm6i8f3.mongodb.net:27017',
        type: 'RSSecondary',
        hosts: [
          'ac-85nj4vf-shard-00-00.pm6i8f3.mongodb.net:27017',
          'ac-85nj4vf-shard-00-01.pm6i8f3.mongodb.net:27017',
          'ac-85nj4vf-shard-00-02.pm6i8f3.mongodb.net:27017'
        ],
        passives: [],
        arbiters: [],
        tags: {
          provider: 'AWS',
          region: 'AP_SOUTH_1',
          workloadType: 'OPERATIONAL',
          nodeType: 'ELECTABLE'
        },
        minWireVersion: 0,
        maxWireVersion: 17,
        roundTripTime: 537.12,
        lastUpdateTime: 5984774,
        lastWriteDate: 2023-06-12T08:40:08.000Z,
        error: null,
        topologyVersion: {
          processId: new ObjectId("6479fad1763591b215a42779"),
          counter: 3
        },
        setName: 'atlas-36zlpz-shard-0',
        setVersion: 4,
        electionId: null,
        logicalSessionTimeoutMinutes: 30,
        primary: 'ac-85nj4vf-shard-00-01.pm6i8f3.mongodb.net:27017',
        me: 'ac-85nj4vf-shard-00-02.pm6i8f3.mongodb.net:27017',
        '$clusterTime': {
          clusterTime: new Timestamp({ t: 1686559208, i: 19 }),
          signature: {
            hash: Binary.createFromBase64("YpuqFQVak4f7lV0easnWRUVR2F0=", 0),
            keyId: new Long("7207741453890486274")
          }
        }
      }
    },
    stale: false,
    compatible: true,
    heartbeatFrequencyMS: 10000,
    localThresholdMS: 15,
    setName: 'atlas-36zlpz-shard-0',
    maxElectionId: null,
    maxSetVersion: null,
    commonWireVersion: 0,
    logicalSessionTimeoutMinutes: 30
  },
  code: undefined,
  level: 'error',
  stack: 'MongooseServerSelectionError: connect ETIMEDOUT 64:ff9b::fcf:a8ed:27017\n' +
    '    at _handleConnectionErrors (C:\\Next Level Web Dev\\univerity-management-auth-service\\node_modules\\mongoose\\lib\\connection.js:792:11)\n' +
    '    at NativeConnection.openUri (C:\\Next Level Web Dev\\univerity-management-auth-service\\node_modules\\mongoose\\lib\\connection.js:767:11)\n' +
    '    at processTicksAndRejections (node:internal/process/task_queues:95:5)',
  label: 'right meow!',
  timestamp: '2023-06-12T08:40:14.410Z'
}
